# JRE version: Java(TM) SE Runtime Environment (8.0_151-b12) (build 1.8.0_151-b12)
# Java VM: Java HotSpot(TM) 64-Bit Server VM (25.151-b12 mixed mode linux-amd64 compressed oops)
Heap:
 PSYoungGen      total 116224K, used 2258K [0x00000000f5580000, 0x00000000fe880000, 0x0000000100000000)
  eden space 114688K, 1% used [0x00000000f5580000,0x00000000f57b4b28,0x00000000fc580000)
  from space 1536K, 0% used [0x00000000fc580000,0x00000000fc580000,0x00000000fc700000)
  to   space 17920K, 0% used [0x00000000fd700000,0x00000000fd700000,0x00000000fe880000)
 ParOldGen       total 285184K, used 16075K [0x00000000e0000000, 0x00000000f1680000, 0x00000000f5580000)
  object space 285184K, 5% used [0x00000000e0000000,0x00000000e0fb2f60,0x00000000f1680000)
 Metaspace       used 56749K, capacity 60172K, committed 60288K, reserved 1101824K
  class space    used 7656K, capacity 7985K, committed 8064K, reserved 1048576K
GC Heap History (10 events):
Event: 21.027 GC heap before
{Heap before GC invocations=13 (full 3):
 PSYoungGen      total 112128K, used 96096K [0x00000000f5580000, 0x00000000fdf80000, 0x0000000100000000)
  eden space 95744K, 100% used [0x00000000f5580000,0x00000000fb300000,0x00000000fb300000)
  from space 16384K, 2% used [0x00000000fb300000,0x00000000fb358000,0x00000000fc300000)
  to   space 17408K, 0% used [0x00000000fce80000,0x00000000fce80000,0x00000000fdf80000)
 ParOldGen       total 285184K, used 19001K [0x00000000e0000000, 0x00000000f1680000, 0x00000000f5580000)
  object space 285184K, 6% used [0x00000000e0000000,0x00000000e128e5e8,0x00000000f1680000)
 Metaspace       used 55908K, capacity 59042K, committed 59264K, reserved 1101824K
  class space    used 7485K, capacity 7794K, committed 7808K, reserved 1048576K
Event: 21.038 GC heap after
Heap after GC invocations=13 (full 3):
 PSYoungGen      total 122880K, used 512K [0x00000000f5580000, 0x00000000fdf80000, 0x0000000100000000)
  eden space 105472K, 0% used [0x00000000f5580000,0x00000000f5580000,0x00000000fbc80000)
  from space 17408K, 2% used [0x00000000fce80000,0x00000000fcf00000,0x00000000fdf80000)
  to   space 17920K, 0% used [0x00000000fbc80000,0x00000000fbc80000,0x00000000fce00000)
 ParOldGen       total 285184K, used 19009K [0x00000000e0000000, 0x00000000f1680000, 0x00000000f5580000)
  object space 285184K, 6% used [0x00000000e0000000,0x00000000e12905e8,0x00000000f1680000)
 Metaspace       used 55908K, capacity 59042K, committed 59264K, reserved 1101824K
  class space    used 7485K, capacity 7794K, committed 7808K, reserved 1048576K
}
Event: 24.474 GC heap before
{Heap before GC invocations=14 (full 3):
 PSYoungGen      total 122880K, used 105984K [0x00000000f5580000, 0x00000000fdf80000, 0x0000000100000000)
  eden space 105472K, 100% used [0x00000000f5580000,0x00000000fbc80000,0x00000000fbc80000)
  from space 17408K, 2% used [0x00000000fce80000,0x00000000fcf00000,0x00000000fdf80000)
  to   space 17920K, 0% used [0x00000000fbc80000,0x00000000fbc80000,0x00000000fce00000)
 ParOldGen       total 285184K, used 19009K [0x00000000e0000000, 0x00000000f1680000, 0x00000000f5580000)
  object space 285184K, 6% used [0x00000000e0000000,0x00000000e12905e8,0x00000000f1680000)
 Metaspace       used 55936K, capacity 59042K, committed 59264K, reserved 1101824K
  class space    used 7485K, capacity 7794K, committed 7808K, reserved 1048576K
Event: 24.483 GC heap after
Heap after GC invocations=14 (full 3):
 PSYoungGen      total 123392K, used 480K [0x00000000f5580000, 0x00000000fea80000, 0x0000000100000000)
  eden space 105472K, 0% used [0x00000000f5580000,0x00000000f5580000,0x00000000fbc80000)
  from space 17920K, 2% used [0x00000000fbc80000,0x00000000fbcf8000,0x00000000fce00000)
  to   space 18432K, 0% used [0x00000000fd880000,0x00000000fd880000,0x00000000fea80000)
 ParOldGen       total 285184K, used 19009K [0x00000000e0000000, 0x00000000f1680000, 0x00000000f5580000)
  object space 285184K, 6% used [0x00000000e0000000,0x00000000e12905e8,0x00000000f1680000)
 Metaspace       used 55936K, capacity 59042K, committed 59264K, reserved 1101824K
  class space    used 7485K, capacity 7794K, committed 7808K, reserved 1048576K
}
Event: 27.712 GC heap before
{Heap before GC invocations=15 (full 3):
 PSYoungGen      total 123392K, used 105952K [0x00000000f5580000, 0x00000000fea80000, 0x0000000100000000)
  eden space 105472K, 100% used [0x00000000f5580000,0x00000000fbc80000,0x00000000fbc80000)
  from space 17920K, 2% used [0x00000000fbc80000,0x00000000fbcf8000,0x00000000fce00000)
  to   space 18432K, 0% used [0x00000000fd880000,0x00000000fd880000,0x00000000fea80000)
 ParOldGen       total 285184K, used 19009K [0x00000000e0000000, 0x00000000f1680000, 0x00000000f5580000)
  object space 285184K, 6% used [0x00000000e0000000,0x00000000e12905e8,0x00000000f1680000)
 Metaspace       used 56007K, capacity 59132K, committed 59264K, reserved 1101824K
  class space    used 7491K, capacity 7799K, committed 7808K, reserved 1048576K
Event: 27.720 GC heap after
Heap after GC invocations=15 (full 3):
 PSYoungGen      total 132096K, used 544K [0x00000000f5580000, 0x00000000fe980000, 0x0000000100000000)
  eden space 114688K, 0% used [0x00000000f5580000,0x00000000f5580000,0x00000000fc580000)
  from space 17408K, 3% used [0x00000000fd880000,0x00000000fd908000,0x00000000fe980000)
  to   space 18432K, 0% used [0x00000000fc580000,0x00000000fc580000,0x00000000fd780000)
 ParOldGen       total 285184K, used 19017K [0x00000000e0000000, 0x00000000f1680000, 0x00000000f5580000)
  object space 285184K, 6% used [0x00000000e0000000,0x00000000e12925e8,0x00000000f1680000)
 Metaspace       used 56007K, capacity 59132K, committed 59264K, reserved 1101824K
  class space    used 7491K, capacity 7799K, committed 7808K, reserved 1048576K
}
Event: 31.498 GC heap before
{Heap before GC invocations=16 (full 3):
 PSYoungGen      total 132096K, used 29297K [0x00000000f5580000, 0x00000000fe980000, 0x0000000100000000)
  eden space 114688K, 25% used [0x00000000f5580000,0x00000000f71947e0,0x00000000fc580000)
  from space 17408K, 3% used [0x00000000fd880000,0x00000000fd908000,0x00000000fe980000)
  to   space 18432K, 0% used [0x00000000fc580000,0x00000000fc580000,0x00000000fd780000)
 ParOldGen       total 285184K, used 19017K [0x00000000e0000000, 0x00000000f1680000, 0x00000000f5580000)
  object space 285184K, 6% used [0x00000000e0000000,0x00000000e12925e8,0x00000000f1680000)
 Metaspace       used 56755K, capacity 60176K, committed 60288K, reserved 1101824K
  class space    used 7658K, capacity 7959K, committed 8064K, reserved 1048576K
Event: 31.504 GC heap after
Heap after GC invocations=16 (full 3):
 PSYoungGen      total 116224K, used 1088K [0x00000000f5580000, 0x00000000fe880000, 0x0000000100000000)
  eden space 114688K, 0% used [0x00000000f5580000,0x00000000f5580000,0x00000000fc580000)
  from space 1536K, 70% used [0x00000000fc580000,0x00000000fc690000,0x00000000fc700000)
  to   space 17920K, 0% used [0x00000000fd700000,0x00000000fd700000,0x00000000fe880000)
 ParOldGen       total 285184K, used 19025K [0x00000000e0000000, 0x00000000f1680000, 0x00000000f5580000)
  object space 285184K, 6% used [0x00000000e0000000,0x00000000e12945e8,0x00000000f1680000)
 Metaspace       used 56755K, capacity 60176K, committed 60288K, reserved 1101824K
  class space    used 7658K, capacity 7959K, committed 8064K, reserved 1048576K
}
Event: 31.504 GC heap before
{Heap before GC invocations=17 (full 4):
 PSYoungGen      total 116224K, used 1088K [0x00000000f5580000, 0x00000000fe880000, 0x0000000100000000)
  eden space 114688K, 0% used [0x00000000f5580000,0x00000000f5580000,0x00000000fc580000)
  from space 1536K, 70% used [0x00000000fc580000,0x00000000fc690000,0x00000000fc700000)
  to   space 17920K, 0% used [0x00000000fd700000,0x00000000fd700000,0x00000000fe880000)
 ParOldGen       total 285184K, used 19025K [0x00000000e0000000, 0x00000000f1680000, 0x00000000f5580000)
  object space 285184K, 6% used [0x00000000e0000000,0x00000000e12945e8,0x00000000f1680000)
 Metaspace       used 56755K, capacity 60176K, committed 60288K, reserved 1101824K
  class space    used 7658K, capacity 7959K, committed 8064K, reserved 1048576K
Event: 31.671 GC heap after
Heap after GC invocations=17 (full 4):
 PSYoungGen      total 116224K, used 0K [0x00000000f5580000, 0x00000000fe880000, 0x0000000100000000)
  eden space 114688K, 0% used [0x00000000f5580000,0x00000000f5580000,0x00000000fc580000)
  from space 1536K, 0% used [0x00000000fc580000,0x00000000fc580000,0x00000000fc700000)
  to   space 17920K, 0% used [0x00000000fd700000,0x00000000fd700000,0x00000000fe880000)
 ParOldGen       total 285184K, used 16075K [0x00000000e0000000, 0x00000000f1680000, 0x00000000f5580000)
  object space 285184K, 5% used [0x00000000e0000000,0x00000000e0fb2f60,0x00000000f1680000)
 Metaspace       used 56738K, capacity 60140K, committed 60288K, reserved 1101824K
  class space    used 7654K, capacity 7953K, committed 8064K, reserved 1048576K
}

